

*******************************************************************************
Sun Jul 20 04:16:35 2014


FIT:    data read from 'm1-push.csv' using ($1/1000):($2/100)
        format = x:z
	y range restricted to [180.000 : 430.000]
        #datapoints = 251
        residuals are weighted equally (unit weight)

function used for fitting: f(x)
fitted parameters initialized with current variable values



 Iteration 0
 WSSR        : 2.25656e+07       delta(WSSR)/WSSR   : 0
 delta(WSSR) : 0                 limit for stopping : 1e-05
 lambda	  : 0.707107

initial set of free parameter values

k               = 300
r               = 0.5

After 3 iterations the fit converged.
final sum of squares of residuals : 4.0033
rel. change during last iteration : -8.84032e-09

degrees of freedom    (FIT_NDF)                        : 249
rms of residuals      (FIT_STDFIT) = sqrt(WSSR/ndf)    : 0.126797
variance of residuals (reduced chisquare) = WSSR/ndf   : 0.0160775

BREAK:          Singular matrix in Invert_RtR



*******************************************************************************
Sun Jul 20 04:17:21 2014


FIT:    data read from 'm1-push.csv' using ($1/1000):($2/100)
        format = x:z
	y range restricted to [180.000 : 430.000]
        #datapoints = 251
        residuals are weighted equally (unit weight)

function used for fitting: f(x)
fitted parameters initialized with current variable values



 Iteration 0
 WSSR        : 180.17            delta(WSSR)/WSSR   : 0
 delta(WSSR) : 0                 limit for stopping : 1e-05
 lambda	  : 0.707107

initial set of free parameter values

k               = 1
r               = 1

After 3 iterations the fit converged.
final sum of squares of residuals : 4.0033
rel. change during last iteration : -6.83334e-14

degrees of freedom    (FIT_NDF)                        : 249
rms of residuals      (FIT_STDFIT) = sqrt(WSSR/ndf)    : 0.126797
variance of residuals (reduced chisquare) = WSSR/ndf   : 0.0160775

BREAK:          Singular matrix in Invert_RtR



*******************************************************************************
Sun Jul 20 04:18:42 2014


FIT:    data read from 'm1-push.csv' using ($1/1000):($2/100)
        format = x:z
	y range restricted to [180.000 : 430.000]
        #datapoints = 251
        residuals are weighted equally (unit weight)

function used for fitting: f(x)
fitted parameters initialized with current variable values



*******************************************************************************
Sun Jul 20 04:18:52 2014


FIT:    data read from 'm1-push.csv' using ($1/1000):($2/100)
        format = x:z
	y range restricted to [180.000 : 430.000]
        #datapoints = 251
        residuals are weighted equally (unit weight)

function used for fitting: f(x)
fitted parameters initialized with current variable values



 Iteration 0
 WSSR        : 180.17            delta(WSSR)/WSSR   : 0
 delta(WSSR) : 0                 limit for stopping : 1e-05
 lambda	  : 0.57735

initial set of free parameter values

k               = 1
r               = 1
c               = 1

After 3 iterations the fit converged.
final sum of squares of residuals : 4.0033
rel. change during last iteration : -1.39773e-14

degrees of freedom    (FIT_NDF)                        : 248
rms of residuals      (FIT_STDFIT) = sqrt(WSSR/ndf)    : 0.127052
variance of residuals (reduced chisquare) = WSSR/ndf   : 0.0161423

BREAK:          Singular matrix in Invert_RtR



*******************************************************************************
Sun Jul 20 04:19:46 2014


FIT:    data read from 'm1-push.csv' using ($1/1000):($2/100)
        format = x:z
	y range restricted to [180.000 : 430.000]
        #datapoints = 251
        residuals are weighted equally (unit weight)

function used for fitting: f(x)
fitted parameters initialized with current variable values



 Iteration 0
 WSSR        : 180.17            delta(WSSR)/WSSR   : 0
 delta(WSSR) : 0                 limit for stopping : 1e-05
 lambda	  : 0.57735

initial set of free parameter values

k               = 1
r               = 1
c               = 1

After 3 iterations the fit converged.
final sum of squares of residuals : 4.0033
rel. change during last iteration : -1.39773e-14

degrees of freedom    (FIT_NDF)                        : 248
rms of residuals      (FIT_STDFIT) = sqrt(WSSR/ndf)    : 0.127052
variance of residuals (reduced chisquare) = WSSR/ndf   : 0.0161423

BREAK:          Singular matrix in Invert_RtR

